<?xml version="1.0" encoding="UTF-8"?>
<!-- Generated by org.testng.reporters.JUnitXMLReporter -->
<testsuite ignored="0" hostname="DESKTOP-GKPEIPT" failures="0" tests="5" name="Surefire test" time="23.787" errors="0" timestamp="2026-04-01T11:23:40 GMT+07:00">
  <testcase classname="com.autojava.checkgenai.tests.QLChuDeTest" name="TC_1_verifyQLChuDePageIsDisplayed" time="7.528"/>
  <testcase classname="com.autojava.checkgenai.tests.QLChuDeTest" name="TC_2_VerifyColumnQLChuDe" time="2.424"/>
  <testcase classname="com.autojava.checkgenai.tests.QLChuDeTest" name="TC_3_VerifyAddNewTopicForm" time="4.344"/>
  <testcase classname="com.autojava.checkgenai.tests.QLChuDeTest" name="TC_4_VerifyMaChuDeWhenInputValidData" time="2.173"/>
  <testcase classname="com.autojava.checkgenai.tests.QLChuDeTest" name="TC_5_VerifyMaChuDeWhenInputInvalidData" time="3.302"/>
</testsuite> <!-- Surefire test -->
