<?xml version="1.0" encoding="UTF-8"?>
<!-- Generated by org.testng.reporters.JUnitXMLReporter -->
<testsuite ignored="0" hostname="DESKTOP-GKPEIPT" failures="2" tests="19" name="Surefire test" time="166.706" errors="0" timestamp="2026-04-02T16:49:16 GMT+07:00">
  <testcase classname="com.autojava.checkgenai.tests.QLChuDeTest" name="TC_1_verifyQLChuDePageIsDisplayed" time="7.164"/>
  <testcase classname="com.autojava.checkgenai.tests.QLChuDeTest" name="TC_2_VerifyColumnQLChuDe" time="2.4"/>
  <testcase classname="com.autojava.checkgenai.tests.QLChuDeTest" name="TC_3_VerifyAddNewTopicForm" time="4.368"/>
  <testcase classname="com.autojava.checkgenai.tests.QLChuDeTest" name="TC_4_VerifyMaChuDeWhenInputValidData" time="2.166"/>
  <testcase classname="com.autojava.checkgenai.tests.QLChuDeTest" name="TC_5_VerifyMaChuDeWhenInputInvalidData" time="3.296"/>
  <testcase classname="com.autojava.checkgenai.tests.QLChuDeTest" name="TC_6_VerifyEmptyMaChuDe" time="3.134"/>
  <testcase classname="com.autojava.checkgenai.tests.QLChuDeTest" name="TC_7_VerifyValidTenChuDe" time="2.134"/>
  <testcase classname="com.autojava.checkgenai.tests.QLChuDeTest" name="TC_8_VerifyInvalidTenChuDe" time="3.415"/>
  <testcase classname="com.autojava.checkgenai.tests.QLChuDeTest" name="TC_9_VerifyInvalidTenChuDe" time="3.128"/>
  <testcase classname="com.autojava.checkgenai.tests.QLChuDeTest" name="TC10_GetFirstTruCot" time="4.188"/>
  <testcase classname="com.autojava.checkgenai.tests.QLChuDeTest" name="TC_11_VerifyEmptyTruCot" time="4.198"/>
  <testcase classname="com.autojava.checkgenai.tests.QLChuDeTest" name="TC_12_VerifyMaChuDeTrung" time="12.39"/>
  <testcase classname="com.autojava.checkgenai.tests.QLChuDeTest" name="TC_13_VerifyClickIconHuy" time="4.686"/>
  <testcase classname="com.autojava.checkgenai.tests.QLChuDeTest" name="TC_14_VerifyHuyPopupConfirm" time="12.65"/>
  <testcase classname="com.autojava.checkgenai.tests.QLChuDeTest" name="TC_15_VerifyXacNhanPopupConfirm" time="35.469"/>
  <testcase classname="com.autojava.checkgenai.tests.QLChuDeTest" name="TC_16_VerifyAddNewTopicSuccess" time="20.007"/>
  <testcase classname="com.autojava.checkgenai.tests.QLChuDeTest" name="TC_17_VerifyWhenClickEdit" time="2.477"/>
  <testcase classname="com.autojava.checkgenai.tests.QLChuDeTest" name="TC_18_VerifyUpdateChuDeSuccess" time="36.909">
    <failure type="org.openqa.selenium.NoSuchSessionException" message="invalid session id: session deleted as the browser has closed the connection
from disconnected: unable to send message to renderer
  (Session info: chrome=146.0.7680.165)
Build info: version: &amp;apos;4.15.0&amp;apos;, revision: &amp;apos;1d14b5521b&amp;apos;
System info: os.name: &amp;apos;Windows 10&amp;apos;, os.arch: &amp;apos;amd64&amp;apos;, os.version: &amp;apos;10.0&amp;apos;, java.version: &amp;apos;26&amp;apos;
Driver info: org.openqa.selenium.chrome.ChromeDriver
Command: [2323964a869760e2ff4eb22f66b805d2, findElement {using=xpath, value=//span[contains(text(),&amp;apos;Cập nhật chủ đề thành công&amp;apos;)]}]
Capabilities {acceptInsecureCerts: false, browserName: chrome, browserVersion: 146.0.7680.165, chrome: {chromedriverVersion: 146.0.7680.165 (4b989da09e1..., userDataDir: C:\Users\ASUS\AppData\Local...}, fedcm:accounts: true, goog:chromeOptions: {debuggerAddress: localhost:58730}, goog:processID: 20952, networkConnectionEnabled: false, pageLoadStrategy: normal, platformName: windows, proxy: Proxy(), se:cdp: ws://localhost:58730/devtoo..., se:cdpVersion: 146.0.7680.165, setWindowRect: true, strictFileInteractability: false, timeouts: {implicit: 0, pageLoad: 300000, script: 30000}, unhandledPromptBehavior: dismiss and notify, webauthn:extension:credBlob: true, webauthn:extension:largeBlob: true, webauthn:extension:minPinLength: true, webauthn:extension:prf: true, webauthn:virtualAuthenticators: true}
Session ID: 2323964a869760e2ff4eb22f66b805d2">
      <![CDATA[org.openqa.selenium.NoSuchSessionException: invalid session id: session deleted as the browser has closed the connection
from disconnected: unable to send message to renderer
  (Session info: chrome=146.0.7680.165)
Build info: version: '4.15.0', revision: '1d14b5521b'
System info: os.name: 'Windows 10', os.arch: 'amd64', os.version: '10.0', java.version: '26'
Driver info: org.openqa.selenium.chrome.ChromeDriver
Command: [2323964a869760e2ff4eb22f66b805d2, findElement {using=xpath, value=//span[contains(text(),'Cập nhật chủ đề thành công')]}]
Capabilities {acceptInsecureCerts: false, browserName: chrome, browserVersion: 146.0.7680.165, chrome: {chromedriverVersion: 146.0.7680.165 (4b989da09e1..., userDataDir: C:\Users\ASUS\AppData\Local...}, fedcm:accounts: true, goog:chromeOptions: {debuggerAddress: localhost:58730}, goog:processID: 20952, networkConnectionEnabled: false, pageLoadStrategy: normal, platformName: windows, proxy: Proxy(), se:cdp: ws://localhost:58730/devtoo..., se:cdpVersion: 146.0.7680.165, setWindowRect: true, strictFileInteractability: false, timeouts: {implicit: 0, pageLoad: 300000, script: 30000}, unhandledPromptBehavior: dismiss and notify, webauthn:extension:credBlob: true, webauthn:extension:largeBlob: true, webauthn:extension:minPinLength: true, webauthn:extension:prf: true, webauthn:virtualAuthenticators: true}
Session ID: 2323964a869760e2ff4eb22f66b805d2
at org.openqa.selenium.remote.codec.w3c.W3CHttpResponseCodec.createException(W3CHttpResponseCodec.java:200)
at org.openqa.selenium.remote.codec.w3c.W3CHttpResponseCodec.decode(W3CHttpResponseCodec.java:133)
at org.openqa.selenium.remote.codec.w3c.W3CHttpResponseCodec.decode(W3CHttpResponseCodec.java:52)
at org.openqa.selenium.remote.HttpCommandExecutor.execute(HttpCommandExecutor.java:191)
at org.openqa.selenium.remote.service.DriverCommandExecutor.invokeExecute(DriverCommandExecutor.java:200)
at org.openqa.selenium.remote.service.DriverCommandExecutor.execute(DriverCommandExecutor.java:175)
at org.openqa.selenium.remote.RemoteWebDriver.execute(RemoteWebDriver.java:607)
at org.openqa.selenium.remote.ElementLocation$ElementFinder$2.findElement(ElementLocation.java:165)
at org.openqa.selenium.remote.ElementLocation.findElement(ElementLocation.java:59)
at org.openqa.selenium.remote.RemoteWebDriver.findElement(RemoteWebDriver.java:364)
at org.openqa.selenium.remote.RemoteWebDriver.findElement(RemoteWebDriver.java:358)
at org.openqa.selenium.support.pagefactory.DefaultElementLocator.findElement(DefaultElementLocator.java:68)
at org.openqa.selenium.support.pagefactory.internal.LocatingElementHandler.invoke(LocatingElementHandler.java:38)
at jdk.proxy2/jdk.proxy2.$Proxy16.toString(Unknown Source)
at java.base/java.lang.StringConcatHelper.stringOf(StringConcatHelper.java:210)
at java.base/java.lang.StringConcatHelper.simpleConcat(StringConcatHelper.java:157)
at org.openqa.selenium.support.ui.ExpectedConditions$10.toString(ExpectedConditions.java:295)
at java.base/java.lang.StringConcatHelper.stringOf(StringConcatHelper.java:210)
at java.base/java.lang.StringConcatHelper.simpleConcat(StringConcatHelper.java:157)
at org.openqa.selenium.support.ui.FluentWait.until(FluentWait.java:226)
at com.autojava.checkgenai.pages.Func.Func_QuanLychude.VerifyMessageCapNhatChuDeThanhCong(Func_QuanLychude.java:342)
at com.autojava.checkgenai.tests.QLChuDeTest.TC_18_VerifyUpdateChuDeSuccess(QLChuDeTest.java:231)
at java.base/java.util.ArrayList.forEach(ArrayList.java:1612)
... Removed 33 stack frames]]>
    </failure>
  </testcase> <!-- TC_18_VerifyUpdateChuDeSuccess -->
  <testcase classname="com.autojava.checkgenai.tests.QLChuDeTest" name="TC_18_VerifyUpdateChuDeSuccess" time="37.054">
    <failure type="org.openqa.selenium.NoSuchSessionException" message="invalid session id
Build info: version: &amp;apos;4.15.0&amp;apos;, revision: &amp;apos;1d14b5521b&amp;apos;
System info: os.name: &amp;apos;Windows 10&amp;apos;, os.arch: &amp;apos;amd64&amp;apos;, os.version: &amp;apos;10.0&amp;apos;, java.version: &amp;apos;26&amp;apos;
Driver info: org.openqa.selenium.chrome.ChromeDriver
Command: [2323964a869760e2ff4eb22f66b805d2, screenshot {}]
Capabilities {acceptInsecureCerts: false, browserName: chrome, browserVersion: 146.0.7680.165, chrome: {chromedriverVersion: 146.0.7680.165 (4b989da09e1..., userDataDir: C:\Users\ASUS\AppData\Local...}, fedcm:accounts: true, goog:chromeOptions: {debuggerAddress: localhost:58730}, goog:processID: 20952, networkConnectionEnabled: false, pageLoadStrategy: normal, platformName: windows, proxy: Proxy(), se:cdp: ws://localhost:58730/devtoo..., se:cdpVersion: 146.0.7680.165, setWindowRect: true, strictFileInteractability: false, timeouts: {implicit: 0, pageLoad: 300000, script: 30000}, unhandledPromptBehavior: dismiss and notify, webauthn:extension:credBlob: true, webauthn:extension:largeBlob: true, webauthn:extension:minPinLength: true, webauthn:extension:prf: true, webauthn:virtualAuthenticators: true}
Session ID: 2323964a869760e2ff4eb22f66b805d2">
      <![CDATA[org.openqa.selenium.NoSuchSessionException: invalid session id
Build info: version: '4.15.0', revision: '1d14b5521b'
System info: os.name: 'Windows 10', os.arch: 'amd64', os.version: '10.0', java.version: '26'
Driver info: org.openqa.selenium.chrome.ChromeDriver
Command: [2323964a869760e2ff4eb22f66b805d2, screenshot {}]
Capabilities {acceptInsecureCerts: false, browserName: chrome, browserVersion: 146.0.7680.165, chrome: {chromedriverVersion: 146.0.7680.165 (4b989da09e1..., userDataDir: C:\Users\ASUS\AppData\Local...}, fedcm:accounts: true, goog:chromeOptions: {debuggerAddress: localhost:58730}, goog:processID: 20952, networkConnectionEnabled: false, pageLoadStrategy: normal, platformName: windows, proxy: Proxy(), se:cdp: ws://localhost:58730/devtoo..., se:cdpVersion: 146.0.7680.165, setWindowRect: true, strictFileInteractability: false, timeouts: {implicit: 0, pageLoad: 300000, script: 30000}, unhandledPromptBehavior: dismiss and notify, webauthn:extension:credBlob: true, webauthn:extension:largeBlob: true, webauthn:extension:minPinLength: true, webauthn:extension:prf: true, webauthn:virtualAuthenticators: true}
Session ID: 2323964a869760e2ff4eb22f66b805d2
at org.openqa.selenium.remote.codec.w3c.W3CHttpResponseCodec.createException(W3CHttpResponseCodec.java:200)
at org.openqa.selenium.remote.codec.w3c.W3CHttpResponseCodec.decode(W3CHttpResponseCodec.java:133)
at org.openqa.selenium.remote.codec.w3c.W3CHttpResponseCodec.decode(W3CHttpResponseCodec.java:52)
at org.openqa.selenium.remote.HttpCommandExecutor.execute(HttpCommandExecutor.java:191)
at org.openqa.selenium.remote.service.DriverCommandExecutor.invokeExecute(DriverCommandExecutor.java:200)
at org.openqa.selenium.remote.service.DriverCommandExecutor.execute(DriverCommandExecutor.java:175)
at org.openqa.selenium.remote.RemoteWebDriver.execute(RemoteWebDriver.java:607)
at org.openqa.selenium.remote.RemoteWebDriver.execute(RemoteWebDriver.java:680)
at org.openqa.selenium.remote.RemoteWebDriver.execute(RemoteWebDriver.java:684)
at org.openqa.selenium.remote.RemoteWebDriver.getScreenshotAs(RemoteWebDriver.java:330)
at com.autojava.checkgenai.listeners.TestListener.takeScreenshot(TestListener.java:99)
at com.autojava.checkgenai.listeners.TestListener.onTestFailure(TestListener.java:37)
at java.base/java.util.ArrayList.forEach(ArrayList.java:1612)
... Removed 32 stack frames]]>
    </failure>
  </testcase> <!-- TC_18_VerifyUpdateChuDeSuccess -->
</testsuite> <!-- Surefire test -->
