<?xml version="1.0" encoding="UTF-8"?>
<testsuite xmlns:xsi="http://www.w3.org/2001/XMLSchema-instance" xsi:noNamespaceSchemaLocation="https://maven.apache.org/surefire/maven-surefire-plugin/xsd/surefire-test-report-3.0.xsd" version="3.0" name="TestSuite" time="13.676" tests="5" errors="0" skipped="0" failures="5">
  <properties>
[...]
</properties>
  <testcase name="TC_2_VerifyColumnQLChuDe" classname="com.autojava.checkgenai.tests.QLChuDeTest" time="2.079">
    <failure message="Compound class names not permitted&#10;For documentation on this error, please visit: https://www.selenium.dev/documentation/webdriver/troubleshooting/errors#invalid-selector-exception&#10;Build info: version: &apos;4.15.0&apos;, revision: &apos;1d14b5521b&apos;&#10;System info: os.name: &apos;Windows 10&apos;, os.arch: &apos;amd64&apos;, os.version: &apos;10.0&apos;, java.version: &apos;26&apos;&#10;Driver info: driver.version: unknown" type="org.openqa.selenium.InvalidSelectorException"><![CDATA[org.openqa.selenium.InvalidSelectorException: 
Compound class names not permitted
For documentation on this error, please visit: https://www.selenium.dev/documentation/webdriver/troubleshooting/errors#invalid-selector-exception
Build info: version: '4.15.0', revision: '1d14b5521b'
System info: os.name: 'Windows 10', os.arch: 'amd64', os.version: '10.0', java.version: '26'
Driver info: driver.version: unknown
	at org.openqa.selenium.By$ByClassName.<init>(By.java:309)
	at org.openqa.selenium.By.className(By.java:100)
	at org.openqa.selenium.support.AbstractFindByBuilder.buildByFromShortFindBy(AbstractFindByBuilder.java:42)
	at org.openqa.selenium.support.FindBy$FindByBuilder.buildIt(FindBy.java:83)
	at org.openqa.selenium.support.pagefactory.Annotations.buildBy(Annotations.java:82)
	at org.openqa.selenium.support.pagefactory.DefaultElementLocator.<init>(DefaultElementLocator.java:58)
	at org.openqa.selenium.support.pagefactory.DefaultElementLocator.<init>(DefaultElementLocator.java:46)
	at org.openqa.selenium.support.pagefactory.DefaultElementLocatorFactory.createLocator(DefaultElementLocatorFactory.java:32)
	at org.openqa.selenium.support.pagefactory.DefaultFieldDecorator.decorate(DefaultFieldDecorator.java:55)
	at org.openqa.selenium.support.PageFactory.proxyFields(PageFactory.java:109)
	at org.openqa.selenium.support.PageFactory.initElements(PageFactory.java:101)
	at org.openqa.selenium.support.PageFactory.initElements(PageFactory.java:88)
	at org.openqa.selenium.support.PageFactory.initElements(PageFactory.java:76)
	at com.autojava.checkgenai.pages.UI.UI_QuanLychude.<init>(UI_QuanLychude.java:79)
	at com.autojava.checkgenai.pages.Func.Func_QuanLychude.<init>(Func_QuanLychude.java:21)
	at com.autojava.checkgenai.tests.QLChuDeTest.TC_2_VerifyColumnQLChuDe(QLChuDeTest.java:44)
	at java.base/jdk.internal.reflect.DirectMethodHandleAccessor.invoke(DirectMethodHandleAccessor.java:104)
	at java.base/java.lang.reflect.Method.invoke(Method.java:565)
	at org.testng.internal.invokers.MethodInvocationHelper.invokeMethod(MethodInvocationHelper.java:139)
	at org.testng.internal.invokers.TestInvoker.invokeMethod(TestInvoker.java:664)
	at org.testng.internal.invokers.TestInvoker.invokeTestMethod(TestInvoker.java:227)
	at org.testng.internal.invokers.MethodRunner.runInSequence(MethodRunner.java:50)
	at org.testng.internal.invokers.TestInvoker$MethodInvocationAgent.invoke(TestInvoker.java:957)
	at org.testng.internal.invokers.TestInvoker.invokeTestMethods(TestInvoker.java:200)
	at org.testng.internal.invokers.TestMethodWorker.invokeTestMethods(TestMethodWorker.java:148)
	at org.testng.internal.invokers.TestMethodWorker.run(TestMethodWorker.java:128)
	at java.base/java.util.concurrent.ThreadPoolExecutor.runWorker(ThreadPoolExecutor.java:1090)
	at java.base/java.util.concurrent.ThreadPoolExecutor$Worker.run(ThreadPoolExecutor.java:614)
	at java.base/java.lang.Thread.run(Thread.java:1516)
]]></failure>
    <system-out><![CDATA[📊 ExtentReports initialized: D:\AuToJava\CheckGenAI\target\extent-reports/TestReport_20260401_110106.html
📋 Test Suite started: QL Chu De - Chrome
📁 Created screenshots directory: D:\AuToJava\CheckGenAI\target\screenshots
📁 Created reports directory: D:\AuToJava\CheckGenAI\target\test-reports
🚀 Starting test: TC_2_VerifyColumnQLChuDe
🚀 Starting test: TC_1_verifyQLChuDePageIsDisplayed
]]></system-out>
    <system-err><![CDATA[SLF4J: Failed to load class "org.slf4j.impl.StaticLoggerBinder".
SLF4J: Defaulting to no-operation (NOP) logger implementation
SLF4J: See http://www.slf4j.org/codes.html#StaticLoggerBinder for further details.
Apr 01, 2026 11:01:09 AM org.openqa.selenium.devtools.CdpVersionFinder findNearestMatch
WARNING: Unable to find CDP implementation matching 146
Apr 01, 2026 11:01:09 AM org.openqa.selenium.chromium.ChromiumDriver lambda$new$5
WARNING: Unable to find version of CDP to use for 146.0.7680.165. You may need to include a dependency on a specific version of the CDP using something similar to `org.seleniumhq.selenium:selenium-devtools-v86:4.15.0` where the version ("v86") matches the version of the chromium-based browser you're using and the version number of the artifact is the same as Selenium's.
]]></system-err>
  </testcase>
  <testcase name="TC_3_VerifyAddNewTopicForm" classname="com.autojava.checkgenai.tests.QLChuDeTest" time="2.002">
    <failure message="Cannot invoke &quot;com.autojava.checkgenai.pages.Func.Func_QuanLychude.clickAddButton()&quot; because &quot;this.QLChuDeFunc&quot; is null" type="java.lang.NullPointerException"><![CDATA[java.lang.NullPointerException: Cannot invoke "com.autojava.checkgenai.pages.Func.Func_QuanLychude.clickAddButton()" because "this.QLChuDeFunc" is null
	at com.autojava.checkgenai.tests.QLChuDeTest.TC_3_VerifyAddNewTopicForm(QLChuDeTest.java:56)
	at java.base/jdk.internal.reflect.DirectMethodHandleAccessor.invoke(DirectMethodHandleAccessor.java:104)
	at java.base/java.lang.reflect.Method.invoke(Method.java:565)
	at org.testng.internal.invokers.MethodInvocationHelper.invokeMethod(MethodInvocationHelper.java:139)
	at org.testng.internal.invokers.TestInvoker.invokeMethod(TestInvoker.java:664)
	at org.testng.internal.invokers.TestInvoker.invokeTestMethod(TestInvoker.java:227)
	at org.testng.internal.invokers.MethodRunner.runInSequence(MethodRunner.java:50)
	at org.testng.internal.invokers.TestInvoker$MethodInvocationAgent.invoke(TestInvoker.java:957)
	at org.testng.internal.invokers.TestInvoker.invokeTestMethods(TestInvoker.java:200)
	at org.testng.internal.invokers.TestMethodWorker.invokeTestMethods(TestMethodWorker.java:148)
	at org.testng.internal.invokers.TestMethodWorker.run(TestMethodWorker.java:128)
	at java.base/java.util.concurrent.ThreadPoolExecutor.runWorker(ThreadPoolExecutor.java:1090)
	at java.base/java.util.concurrent.ThreadPoolExecutor$Worker.run(ThreadPoolExecutor.java:614)
	at java.base/java.lang.Thread.run(Thread.java:1516)
]]></failure>
    <system-out><![CDATA[❌ Test FAILED: TC_2_VerifyColumnQLChuDe
✅ Successfully got WebDriver from BaseTest.getDriver()
📸 Screenshot saved: D:\AuToJava\CheckGenAI\target\screenshots\TC_2_VerifyColumnQLChuDe_FAIL_20260401_110111.png
📝 Error details saved: D:\AuToJava\CheckGenAI\target\test-reports\TC_2_VerifyColumnQLChuDe_ERROR_20260401_110112.txt
ℹ️ Driver is not quit automatically after test failure per config/process.
📸 Saved screenshot to: D:\AuToJava\CheckGenAI\target\screenshots\TC_2_VerifyColumnQLChuDe_FAIL_20260401_110112.png
🚀 Starting test: TC_3_VerifyAddNewTopicForm
]]></system-out>
  </testcase>
  <testcase name="TC_4_VerifyMaChuDeWhenInputValidData" classname="com.autojava.checkgenai.tests.QLChuDeTest" time="2.0">
    <failure message="Cannot invoke &quot;com.autojava.checkgenai.pages.Func.Func_QuanLychude.verifyMaChuDewheninputValiddata()&quot; because &quot;this.QLChuDeFunc&quot; is null" type="java.lang.NullPointerException"><![CDATA[java.lang.NullPointerException: Cannot invoke "com.autojava.checkgenai.pages.Func.Func_QuanLychude.verifyMaChuDewheninputValiddata()" because "this.QLChuDeFunc" is null
	at com.autojava.checkgenai.tests.QLChuDeTest.TC_4_VerifyMaChuDeWhenInputValidData(QLChuDeTest.java:65)
	at java.base/jdk.internal.reflect.DirectMethodHandleAccessor.invoke(DirectMethodHandleAccessor.java:104)
	at java.base/java.lang.reflect.Method.invoke(Method.java:565)
	at org.testng.internal.invokers.MethodInvocationHelper.invokeMethod(MethodInvocationHelper.java:139)
	at org.testng.internal.invokers.TestInvoker.invokeMethod(TestInvoker.java:664)
	at org.testng.internal.invokers.TestInvoker.invokeTestMethod(TestInvoker.java:227)
	at org.testng.internal.invokers.MethodRunner.runInSequence(MethodRunner.java:50)
	at org.testng.internal.invokers.TestInvoker$MethodInvocationAgent.invoke(TestInvoker.java:957)
	at org.testng.internal.invokers.TestInvoker.invokeTestMethods(TestInvoker.java:200)
	at org.testng.internal.invokers.TestMethodWorker.invokeTestMethods(TestMethodWorker.java:148)
	at org.testng.internal.invokers.TestMethodWorker.run(TestMethodWorker.java:128)
	at java.base/java.util.concurrent.ThreadPoolExecutor.runWorker(ThreadPoolExecutor.java:1090)
	at java.base/java.util.concurrent.ThreadPoolExecutor$Worker.run(ThreadPoolExecutor.java:614)
	at java.base/java.lang.Thread.run(Thread.java:1516)
]]></failure>
    <system-out><![CDATA[❌ Test FAILED: TC_3_VerifyAddNewTopicForm
✅ Successfully got WebDriver from BaseTest.getDriver()
📸 Screenshot saved: D:\AuToJava\CheckGenAI\target\screenshots\TC_3_VerifyAddNewTopicForm_FAIL_20260401_110114.png
📝 Error details saved: D:\AuToJava\CheckGenAI\target\test-reports\TC_3_VerifyAddNewTopicForm_ERROR_20260401_110115.txt
ℹ️ Driver is not quit automatically after test failure per config/process.
📸 Saved screenshot to: D:\AuToJava\CheckGenAI\target\screenshots\TC_3_VerifyAddNewTopicForm_FAIL_20260401_110115.png
🚀 Starting test: TC_4_VerifyMaChuDeWhenInputValidData
]]></system-out>
  </testcase>
  <testcase name="TC_1_verifyQLChuDePageIsDisplayed" classname="com.autojava.checkgenai.tests.QLChuDeTest" time="0.466">
    <failure message="Compound class names not permitted&#10;For documentation on this error, please visit: https://www.selenium.dev/documentation/webdriver/troubleshooting/errors#invalid-selector-exception&#10;Build info: version: &apos;4.15.0&apos;, revision: &apos;1d14b5521b&apos;&#10;System info: os.name: &apos;Windows 10&apos;, os.arch: &apos;amd64&apos;, os.version: &apos;10.0&apos;, java.version: &apos;26&apos;&#10;Driver info: driver.version: unknown" type="org.openqa.selenium.InvalidSelectorException"><![CDATA[org.openqa.selenium.InvalidSelectorException: 
Compound class names not permitted
For documentation on this error, please visit: https://www.selenium.dev/documentation/webdriver/troubleshooting/errors#invalid-selector-exception
Build info: version: '4.15.0', revision: '1d14b5521b'
System info: os.name: 'Windows 10', os.arch: 'amd64', os.version: '10.0', java.version: '26'
Driver info: driver.version: unknown
	at org.openqa.selenium.By$ByClassName.<init>(By.java:309)
	at org.openqa.selenium.By.className(By.java:100)
	at org.openqa.selenium.support.AbstractFindByBuilder.buildByFromShortFindBy(AbstractFindByBuilder.java:42)
	at org.openqa.selenium.support.FindBy$FindByBuilder.buildIt(FindBy.java:83)
	at org.openqa.selenium.support.pagefactory.Annotations.buildBy(Annotations.java:82)
	at org.openqa.selenium.support.pagefactory.DefaultElementLocator.<init>(DefaultElementLocator.java:58)
	at org.openqa.selenium.support.pagefactory.DefaultElementLocator.<init>(DefaultElementLocator.java:46)
	at org.openqa.selenium.support.pagefactory.DefaultElementLocatorFactory.createLocator(DefaultElementLocatorFactory.java:32)
	at org.openqa.selenium.support.pagefactory.DefaultFieldDecorator.decorate(DefaultFieldDecorator.java:55)
	at org.openqa.selenium.support.PageFactory.proxyFields(PageFactory.java:109)
	at org.openqa.selenium.support.PageFactory.initElements(PageFactory.java:101)
	at org.openqa.selenium.support.PageFactory.initElements(PageFactory.java:88)
	at org.openqa.selenium.support.PageFactory.initElements(PageFactory.java:76)
	at com.autojava.checkgenai.pages.UI.UI_QuanLychude.<init>(UI_QuanLychude.java:79)
	at com.autojava.checkgenai.pages.Func.Func_QuanLychude.<init>(Func_QuanLychude.java:21)
	at com.autojava.checkgenai.tests.QLChuDeTest.TC_1_verifyQLChuDePageIsDisplayed(QLChuDeTest.java:35)
	at java.base/jdk.internal.reflect.DirectMethodHandleAccessor.invoke(DirectMethodHandleAccessor.java:104)
	at java.base/java.lang.reflect.Method.invoke(Method.java:565)
	at org.testng.internal.invokers.MethodInvocationHelper.invokeMethod(MethodInvocationHelper.java:139)
	at org.testng.internal.invokers.TestInvoker.invokeMethod(TestInvoker.java:664)
	at org.testng.internal.invokers.TestInvoker.invokeTestMethod(TestInvoker.java:227)
	at org.testng.internal.invokers.MethodRunner.runInSequence(MethodRunner.java:50)
	at org.testng.internal.invokers.TestInvoker$MethodInvocationAgent.invoke(TestInvoker.java:957)
	at org.testng.internal.invokers.TestInvoker.invokeTestMethods(TestInvoker.java:200)
	at org.testng.internal.invokers.TestMethodWorker.invokeTestMethods(TestMethodWorker.java:148)
	at org.testng.internal.invokers.TestMethodWorker.run(TestMethodWorker.java:128)
	at java.base/java.util.concurrent.ThreadPoolExecutor.runWorker(ThreadPoolExecutor.java:1090)
	at java.base/java.util.concurrent.ThreadPoolExecutor$Worker.run(ThreadPoolExecutor.java:614)
	at java.base/java.lang.Thread.run(Thread.java:1516)
]]></failure>
    <system-out><![CDATA[❌ Test FAILED: TC_4_VerifyMaChuDeWhenInputValidData
✅ Successfully got WebDriver from BaseTest.getDriver()
📸 Screenshot saved: D:\AuToJava\CheckGenAI\target\screenshots\TC_4_VerifyMaChuDeWhenInputValidData_FAIL_20260401_110117.png
📝 Error details saved: D:\AuToJava\CheckGenAI\target\test-reports\TC_4_VerifyMaChuDeWhenInputValidData_ERROR_20260401_110117.txt
ℹ️ Driver is not quit automatically after test failure per config/process.
📸 Saved screenshot to: D:\AuToJava\CheckGenAI\target\screenshots\TC_4_VerifyMaChuDeWhenInputValidData_FAIL_20260401_110117.png
🚀 Starting test: TC_5_VerifyMaChuDeWhenInputInvalidData
]]></system-out>
  </testcase>
  <testcase name="TC_5_VerifyMaChuDeWhenInputInvalidData" classname="com.autojava.checkgenai.tests.QLChuDeTest" time="2.001">
    <failure message="Cannot invoke &quot;com.autojava.checkgenai.pages.Func.Func_QuanLychude.verifyMaChuDewheninputInvaliddata()&quot; because &quot;this.QLChuDeFunc&quot; is null" type="java.lang.NullPointerException"><![CDATA[java.lang.NullPointerException: Cannot invoke "com.autojava.checkgenai.pages.Func.Func_QuanLychude.verifyMaChuDewheninputInvaliddata()" because "this.QLChuDeFunc" is null
	at com.autojava.checkgenai.tests.QLChuDeTest.TC_5_VerifyMaChuDeWhenInputInvalidData(QLChuDeTest.java:72)
	at java.base/jdk.internal.reflect.DirectMethodHandleAccessor.invoke(DirectMethodHandleAccessor.java:104)
	at java.base/java.lang.reflect.Method.invoke(Method.java:565)
	at org.testng.internal.invokers.MethodInvocationHelper.invokeMethod(MethodInvocationHelper.java:139)
	at org.testng.internal.invokers.TestInvoker.invokeMethod(TestInvoker.java:664)
	at org.testng.internal.invokers.TestInvoker.invokeTestMethod(TestInvoker.java:227)
	at org.testng.internal.invokers.MethodRunner.runInSequence(MethodRunner.java:50)
	at org.testng.internal.invokers.TestInvoker$MethodInvocationAgent.invoke(TestInvoker.java:957)
	at org.testng.internal.invokers.TestInvoker.invokeTestMethods(TestInvoker.java:200)
	at org.testng.internal.invokers.TestMethodWorker.invokeTestMethods(TestMethodWorker.java:148)
	at org.testng.internal.invokers.TestMethodWorker.run(TestMethodWorker.java:128)
	at java.base/java.util.concurrent.ThreadPoolExecutor.runWorker(ThreadPoolExecutor.java:1090)
	at java.base/java.util.concurrent.ThreadPoolExecutor$Worker.run(ThreadPoolExecutor.java:614)
	at java.base/java.lang.Thread.run(Thread.java:1516)
]]></failure>
    <system-out><![CDATA[❌ Test FAILED: TC_1_verifyQLChuDePageIsDisplayed
✅ Successfully got WebDriver from BaseTest.getDriver()
📸 Screenshot saved: D:\AuToJava\CheckGenAI\target\screenshots\TC_1_verifyQLChuDePageIsDisplayed_FAIL_20260401_110117.png
📝 Error details saved: D:\AuToJava\CheckGenAI\target\test-reports\TC_1_verifyQLChuDePageIsDisplayed_ERROR_20260401_110117.txt
ℹ️ Driver is not quit automatically after test failure per config/process.
📸 Saved screenshot to: D:\AuToJava\CheckGenAI\target\screenshots\TC_1_verifyQLChuDePageIsDisplayed_FAIL_20260401_110117.png
]]></system-out>
  </testcase>
</testsuite>