<?xml version="1.0" encoding="UTF-8"?>
<testng-results ignored="0" total="13" passed="13" failed="0" skipped="0">
  <reporter-output>
  </reporter-output>
  <suite started-at="2026-04-02T11:57:37 GMT+07:00" name="Surefire suite" finished-at="2026-04-02T11:58:52 GMT+07:00" duration-ms="74536">
    <groups>
    </groups>
    <test started-at="2026-04-02T11:57:37 GMT+07:00" name="Surefire test" finished-at="2026-04-02T11:58:52 GMT+07:00" duration-ms="74536">
      <class name="com.autojava.checkgenai.tests.QLChuDeTest">
        <test-method is-config="true" signature="setup(java.lang.String)[pri:0, instance:com.autojava.checkgenai.tests.QLChuDeTest@36f0f1be]" started-at="2026-04-02T11:57:38 GMT+07:00" name="setup" finished-at="2026-04-02T11:57:40 GMT+07:00" duration-ms="2124" status="PASS">
          <params>
            <param index="0">
              <value>
                <![CDATA[chrome]]>
              </value>
            </param>
          </params>
          <reporter-output>
          </reporter-output>
        </test-method> <!-- setup -->
        <test-method is-config="true" signature="setupClass()[pri:0, instance:com.autojava.checkgenai.tests.QLChuDeTest@36f0f1be]" started-at="2026-04-02T11:57:40 GMT+07:00" name="setupClass" finished-at="2026-04-02T11:57:40 GMT+07:00" duration-ms="252" status="PASS">
          <reporter-output>
          </reporter-output>
        </test-method> <!-- setupClass -->
        <test-method signature="TC_1_verifyQLChuDePageIsDisplayed()[pri:1, instance:com.autojava.checkgenai.tests.QLChuDeTest@36f0f1be]" started-at="2026-04-02T11:57:40 GMT+07:00" name="TC_1_verifyQLChuDePageIsDisplayed" description="Kiem tra trang QL Chu De duoc hien thi dung" finished-at="2026-04-02T11:57:47 GMT+07:00" duration-ms="6746" status="PASS">
          <reporter-output>
          </reporter-output>
        </test-method> <!-- TC_1_verifyQLChuDePageIsDisplayed -->
        <test-method signature="TC_2_VerifyColumnQLChuDe()[pri:2, instance:com.autojava.checkgenai.tests.QLChuDeTest@36f0f1be]" started-at="2026-04-02T11:57:47 GMT+07:00" name="TC_2_VerifyColumnQLChuDe" description="Kiem tra cac column duoc hien thi dung" finished-at="2026-04-02T11:57:49 GMT+07:00" duration-ms="2333" status="PASS">
          <reporter-output>
          </reporter-output>
        </test-method> <!-- TC_2_VerifyColumnQLChuDe -->
        <test-method signature="TC_3_VerifyAddNewTopicForm()[pri:3, instance:com.autojava.checkgenai.tests.QLChuDeTest@36f0f1be]" started-at="2026-04-02T11:57:49 GMT+07:00" name="TC_3_VerifyAddNewTopicForm" description="Kiem tra khi click vao form them moi" finished-at="2026-04-02T11:57:53 GMT+07:00" duration-ms="4351" status="PASS">
          <reporter-output>
          </reporter-output>
        </test-method> <!-- TC_3_VerifyAddNewTopicForm -->
        <test-method signature="TC_4_VerifyMaChuDeWhenInputValidData()[pri:4, instance:com.autojava.checkgenai.tests.QLChuDeTest@36f0f1be]" started-at="2026-04-02T11:57:53 GMT+07:00" name="TC_4_VerifyMaChuDeWhenInputValidData" description="Kiem tra khi nhap du lieu hop le vao ma chu de" finished-at="2026-04-02T11:57:56 GMT+07:00" duration-ms="2164" status="PASS">
          <reporter-output>
          </reporter-output>
        </test-method> <!-- TC_4_VerifyMaChuDeWhenInputValidData -->
        <test-method signature="TC_5_VerifyMaChuDeWhenInputInvalidData()[pri:5, instance:com.autojava.checkgenai.tests.QLChuDeTest@36f0f1be]" started-at="2026-04-02T11:57:56 GMT+07:00" name="TC_5_VerifyMaChuDeWhenInputInvalidData" description="Kiem tra khi nhap du lieu khong hop le vao ma chu de" finished-at="2026-04-02T11:57:59 GMT+07:00" duration-ms="3292" status="PASS">
          <reporter-output>
          </reporter-output>
        </test-method> <!-- TC_5_VerifyMaChuDeWhenInputInvalidData -->
        <test-method signature="TC_6_VerifyEmptyMaChuDe()[pri:6, instance:com.autojava.checkgenai.tests.QLChuDeTest@36f0f1be]" started-at="2026-04-02T11:57:59 GMT+07:00" name="TC_6_VerifyEmptyMaChuDe" description="Kiem tra khi khong nhap ma chu de" finished-at="2026-04-02T11:58:02 GMT+07:00" duration-ms="3140" status="PASS">
          <reporter-output>
          </reporter-output>
        </test-method> <!-- TC_6_VerifyEmptyMaChuDe -->
        <test-method signature="TC_7_VerifyValidTenChuDe()[pri:7, instance:com.autojava.checkgenai.tests.QLChuDeTest@36f0f1be]" started-at="2026-04-02T11:58:02 GMT+07:00" name="TC_7_VerifyValidTenChuDe" description="Kiem tra khi nhap ten chu de hop le " finished-at="2026-04-02T11:58:04 GMT+07:00" duration-ms="2142" status="PASS">
          <reporter-output>
          </reporter-output>
        </test-method> <!-- TC_7_VerifyValidTenChuDe -->
        <test-method signature="TC_8_VerifyInvalidTenChuDe()[pri:8, instance:com.autojava.checkgenai.tests.QLChuDeTest@36f0f1be]" started-at="2026-04-02T11:58:04 GMT+07:00" name="TC_8_VerifyInvalidTenChuDe" description="Kiem tra khi nhap ten chu de hop le " finished-at="2026-04-02T11:58:08 GMT+07:00" duration-ms="3682" status="PASS">
          <reporter-output>
          </reporter-output>
        </test-method> <!-- TC_8_VerifyInvalidTenChuDe -->
        <test-method signature="TC_9_VerifyInvalidTenChuDe()[pri:9, instance:com.autojava.checkgenai.tests.QLChuDeTest@36f0f1be]" started-at="2026-04-02T11:58:08 GMT+07:00" name="TC_9_VerifyInvalidTenChuDe" description="Kiem tra khi ten chu de bo trong " finished-at="2026-04-02T11:58:11 GMT+07:00" duration-ms="3132" status="PASS">
          <reporter-output>
          </reporter-output>
        </test-method> <!-- TC_9_VerifyInvalidTenChuDe -->
        <test-method signature="TC10_GetFirstTruCot()[pri:10, instance:com.autojava.checkgenai.tests.QLChuDeTest@36f0f1be]" started-at="2026-04-02T11:58:11 GMT+07:00" name="TC10_GetFirstTruCot" description="Kiem tra lay phan tu dau tien trong selectbox tru cot" finished-at="2026-04-02T11:58:15 GMT+07:00" duration-ms="4178" status="PASS">
          <reporter-output>
          </reporter-output>
        </test-method> <!-- TC10_GetFirstTruCot -->
        <test-method signature="TC_11_VerifyEmptyTruCot()[pri:11, instance:com.autojava.checkgenai.tests.QLChuDeTest@36f0f1be]" started-at="2026-04-02T11:58:15 GMT+07:00" name="TC_11_VerifyEmptyTruCot" description="Kiem tra khi khong chon tru cot nao" finished-at="2026-04-02T11:58:19 GMT+07:00" duration-ms="4175" status="PASS">
          <reporter-output>
          </reporter-output>
        </test-method> <!-- TC_11_VerifyEmptyTruCot -->
        <test-method signature="TC_12_VerifyMaChuDeTrung()[pri:12, instance:com.autojava.checkgenai.tests.QLChuDeTest@36f0f1be]" started-at="2026-04-02T11:58:19 GMT+07:00" name="TC_12_VerifyMaChuDeTrung" description="Kiem tra ma chu de trung" finished-at="2026-04-02T11:58:32 GMT+07:00" duration-ms="12396" status="PASS">
          <reporter-output>
          </reporter-output>
        </test-method> <!-- TC_12_VerifyMaChuDeTrung -->
        <test-method signature="TC_13_VerifyToggleStatus()[pri:13, instance:com.autojava.checkgenai.tests.QLChuDeTest@36f0f1be]" started-at="2026-04-02T11:58:32 GMT+07:00" name="TC_13_VerifyToggleStatus" description="Them moi chu de thanh cong" finished-at="2026-04-02T11:58:52 GMT+07:00" duration-ms="19844" status="PASS">
          <reporter-output>
          </reporter-output>
        </test-method> <!-- TC_13_VerifyToggleStatus -->
        <test-method is-config="true" signature="teardown()[pri:0, instance:com.autojava.checkgenai.tests.QLChuDeTest@36f0f1be]" started-at="2026-04-02T11:58:52 GMT+07:00" name="teardown" finished-at="2026-04-02T11:58:52 GMT+07:00" duration-ms="280" status="PASS">
          <reporter-output>
          </reporter-output>
        </test-method> <!-- teardown -->
      </class> <!-- com.autojava.checkgenai.tests.QLChuDeTest -->
    </test> <!-- Surefire test -->
  </suite> <!-- Surefire suite -->
</testng-results>
