<?xml version="1.0" encoding="UTF-8"?>
<testng-results ignored="0" total="5" passed="5" failed="0" skipped="0">
  <reporter-output>
  </reporter-output>
  <suite started-at="2026-04-09T15:20:59 GMT+07:00" name="Surefire suite" finished-at="2026-04-09T15:21:21 GMT+07:00" duration-ms="22302">
    <groups>
    </groups>
    <test started-at="2026-04-09T15:20:59 GMT+07:00" name="Surefire test" finished-at="2026-04-09T15:21:21 GMT+07:00" duration-ms="22302">
      <class name="com.autojava.checkgenai.tests.QLNhomChiTieuTest">
        <test-method is-config="true" signature="setup(java.lang.String)[pri:0, instance:com.autojava.checkgenai.tests.QLNhomChiTieuTest@7205765b]" started-at="2026-04-09T15:20:59 GMT+07:00" name="setup" finished-at="2026-04-09T15:21:02 GMT+07:00" duration-ms="2888" status="PASS">
          <params>
            <param index="0">
              <value>
                <![CDATA[chrome]]>
              </value>
            </param>
          </params>
          <reporter-output>
          </reporter-output>
        </test-method> <!-- setup -->
        <test-method is-config="true" signature="setupClass()[pri:0, instance:com.autojava.checkgenai.tests.QLNhomChiTieuTest@7205765b]" started-at="2026-04-09T15:21:02 GMT+07:00" name="setupClass" finished-at="2026-04-09T15:21:02 GMT+07:00" duration-ms="286" status="PASS">
          <reporter-output>
          </reporter-output>
        </test-method> <!-- setupClass -->
        <test-method signature="TC_1_VerifyQuanLyNhomChiTieuPageDisplayed()[pri:1, instance:com.autojava.checkgenai.tests.QLNhomChiTieuTest@7205765b]" started-at="2026-04-09T15:21:02 GMT+07:00" name="TC_1_VerifyQuanLyNhomChiTieuPageDisplayed" description="Verify that the &#039;Quản lý nhóm chỉ tiêu&#039; page is displayed correctly" finished-at="2026-04-09T15:21:10 GMT+07:00" duration-ms="7316" status="PASS">
          <reporter-output>
          </reporter-output>
        </test-method> <!-- TC_1_VerifyQuanLyNhomChiTieuPageDisplayed -->
        <test-method signature="TC_2_VerifyColumnQLNhomChiTieu()[pri:2, instance:com.autojava.checkgenai.tests.QLNhomChiTieuTest@7205765b]" started-at="2026-04-09T15:21:10 GMT+07:00" name="TC_2_VerifyColumnQLNhomChiTieu" description="Kiem tra cac column duoc hien thi dung" finished-at="2026-04-09T15:21:12 GMT+07:00" duration-ms="2557" status="PASS">
          <reporter-output>
          </reporter-output>
        </test-method> <!-- TC_2_VerifyColumnQLNhomChiTieu -->
        <test-method signature="TC_3_VerifyAddNewNhomChiTieuForm()[pri:3, instance:com.autojava.checkgenai.tests.QLNhomChiTieuTest@7205765b]" started-at="2026-04-09T15:21:12 GMT+07:00" name="TC_3_VerifyAddNewNhomChiTieuForm" description="Kiem tra khi click vao form them moi" finished-at="2026-04-09T15:21:17 GMT+07:00" duration-ms="4412" status="PASS">
          <reporter-output>
          </reporter-output>
        </test-method> <!-- TC_3_VerifyAddNewNhomChiTieuForm -->
        <test-method signature="TC_4_VerifyValidateDisabledTruCot()[pri:4, instance:com.autojava.checkgenai.tests.QLNhomChiTieuTest@7205765b]" started-at="2026-04-09T15:21:17 GMT+07:00" name="TC_4_VerifyValidateDisabledTruCot" description="Kiem tra validate disabled Tru cot" finished-at="2026-04-09T15:21:19 GMT+07:00" duration-ms="2055" status="PASS">
          <reporter-output>
          </reporter-output>
        </test-method> <!-- TC_4_VerifyValidateDisabledTruCot -->
        <test-method signature="TC_5_VerifyMaNhomChiTieuWhenInputValidData()[pri:5, instance:com.autojava.checkgenai.tests.QLNhomChiTieuTest@7205765b]" started-at="2026-04-09T15:21:19 GMT+07:00" name="TC_5_VerifyMaNhomChiTieuWhenInputValidData" description="Kiem tra khi nha du lieu hop le ma nhom chi tieu" finished-at="2026-04-09T15:21:21 GMT+07:00" duration-ms="2198" status="PASS">
          <reporter-output>
          </reporter-output>
        </test-method> <!-- TC_5_VerifyMaNhomChiTieuWhenInputValidData -->
        <test-method is-config="true" signature="teardown()[pri:0, instance:com.autojava.checkgenai.tests.QLNhomChiTieuTest@7205765b]" started-at="2026-04-09T15:21:21 GMT+07:00" name="teardown" finished-at="2026-04-09T15:21:21 GMT+07:00" duration-ms="263" status="PASS">
          <reporter-output>
          </reporter-output>
        </test-method> <!-- teardown -->
      </class> <!-- com.autojava.checkgenai.tests.QLNhomChiTieuTest -->
    </test> <!-- Surefire test -->
  </suite> <!-- Surefire suite -->
</testng-results>
