<?xml version="1.0" encoding="UTF-8"?>
<testsuite xmlns:xsi="http://www.w3.org/2001/XMLSchema-instance" xsi:noNamespaceSchemaLocation="https://maven.apache.org/surefire/maven-surefire-plugin/xsd/surefire-test-report-3.0.xsd" version="3.0" name="TestSuite" time="11.156" tests="1" errors="0" skipped="0" failures="1">
  <properties>
[...]
</properties>
  <testcase name="TC_1_verifyQLChuDePageIsDisplayed" classname="com.autojava.checkgenai.tests.QLChuDeTest" time="5.247">
    <failure message="Page title should be &apos;Quản lý chủ đề&apos; expected [Quảnd lý chủ đề] but found [Quản lý chủ đề]" type="java.lang.AssertionError"><![CDATA[java.lang.AssertionError: Page title should be 'Quản lý chủ đề' expected [Quảnd lý chủ đề] but found [Quản lý chủ đề]
	at org.testng.Assert.fail(Assert.java:111)
	at org.testng.Assert.failNotEquals(Assert.java:1578)
	at org.testng.Assert.assertEqualsImpl(Assert.java:150)
	at org.testng.Assert.assertEquals(Assert.java:132)
	at org.testng.Assert.assertEquals(Assert.java:656)
	at com.autojava.checkgenai.tests.QLChuDeTest.TC_1_verifyQLChuDePageIsDisplayed(QLChuDeTest.java:28)
	at java.base/jdk.internal.reflect.DirectMethodHandleAccessor.invoke(DirectMethodHandleAccessor.java:104)
	at java.base/java.lang.reflect.Method.invoke(Method.java:565)
	at org.testng.internal.invokers.MethodInvocationHelper.invokeMethod(MethodInvocationHelper.java:139)
	at org.testng.internal.invokers.TestInvoker.invokeMethod(TestInvoker.java:664)
	at org.testng.internal.invokers.TestInvoker.invokeTestMethod(TestInvoker.java:227)
	at org.testng.internal.invokers.MethodRunner.runInSequence(MethodRunner.java:50)
	at org.testng.internal.invokers.TestInvoker$MethodInvocationAgent.invoke(TestInvoker.java:957)
	at org.testng.internal.invokers.TestInvoker.invokeTestMethods(TestInvoker.java:200)
	at org.testng.internal.invokers.TestMethodWorker.invokeTestMethods(TestMethodWorker.java:148)
	at org.testng.internal.invokers.TestMethodWorker.run(TestMethodWorker.java:128)
	at java.base/java.util.concurrent.ThreadPoolExecutor.runWorker(ThreadPoolExecutor.java:1090)
	at java.base/java.util.concurrent.ThreadPoolExecutor$Worker.run(ThreadPoolExecutor.java:614)
	at java.base/java.lang.Thread.run(Thread.java:1516)
]]></failure>
    <system-out><![CDATA[📋 Test Suite started: Login Tests - Chrome
📁 Created screenshots directory: D:\AuToJava\CheckGenAI\target\screenshots
📁 Created reports directory: D:\AuToJava\CheckGenAI\target\test-reports
📊 ExtentReports initialized: D:\AuToJava\CheckGenAI\target\extent-reports/TestReport_20260327_174235.html
🚀 Starting test: TC_1_verifyQLChuDePageIsDisplayed
📸 Saved screenshot to: D:\AuToJava\CheckGenAI\target\screenshots\TC_1_verifyQLChuDePageIsDisplayed_FAIL_20260327_174245.png
❌ Test FAILED: TC_1_verifyQLChuDePageIsDisplayed
✅ Successfully got WebDriver from BaseTest.getDriver()
📸 Screenshot saved: D:\AuToJava\CheckGenAI\target\screenshots\TC_1_verifyQLChuDePageIsDisplayed_FAIL_20260327_174245.png
📝 Error details saved: D:\AuToJava\CheckGenAI\target\test-reports\TC_1_verifyQLChuDePageIsDisplayed_ERROR_20260327_174245.txt
🛑 Driver quit after test failure
]]></system-out>
    <system-err><![CDATA[SLF4J: Failed to load class "org.slf4j.impl.StaticLoggerBinder".
SLF4J: Defaulting to no-operation (NOP) logger implementation
SLF4J: See http://www.slf4j.org/codes.html#StaticLoggerBinder for further details.
Mar 27, 2026 5:42:38 PM org.openqa.selenium.devtools.CdpVersionFinder findNearestMatch
WARNING: Unable to find CDP implementation matching 146
Mar 27, 2026 5:42:38 PM org.openqa.selenium.chromium.ChromiumDriver lambda$new$5
WARNING: Unable to find version of CDP to use for 146.0.7680.165. You may need to include a dependency on a specific version of the CDP using something similar to `org.seleniumhq.selenium:selenium-devtools-v86:4.15.0` where the version ("v86") matches the version of the chromium-based browser you're using and the version number of the artifact is the same as Selenium's.
]]></system-err>
  </testcase>
</testsuite>