<?xml version="1.0" encoding="UTF-8"?>
<!-- Generated by org.testng.reporters.JUnitXMLReporter -->
<testsuite ignored="0" hostname="DESKTOP-GKPEIPT" failures="1" tests="1" name="Login Tests - Chrome" time="9.92" errors="0" timestamp="2026-03-27T17:42:46 GMT+07:00">
  <testcase classname="com.autojava.checkgenai.tests.QLChuDeTest" name="TC_1_verifyQLChuDePageIsDisplayed" time="4.778">
    <failure type="java.lang.AssertionError" message="Page title should be &amp;apos;Quản lý chủ đề&amp;apos; expected [Quảnd lý chủ đề] but found [Quản lý chủ đề]">
      <![CDATA[java.lang.AssertionError: Page title should be 'Quản lý chủ đề' expected [Quảnd lý chủ đề] but found [Quản lý chủ đề]
at com.autojava.checkgenai.tests.QLChuDeTest.TC_1_verifyQLChuDePageIsDisplayed(QLChuDeTest.java:28)
at java.base/java.util.concurrent.ThreadPoolExecutor.runWorker(ThreadPoolExecutor.java:1090)
at java.base/java.util.concurrent.ThreadPoolExecutor$Worker.run(ThreadPoolExecutor.java:614)
at java.base/java.lang.Thread.run(Thread.java:1516)
... Removed 15 stack frames]]>
    </failure>
  </testcase> <!-- TC_1_verifyQLChuDePageIsDisplayed -->
</testsuite> <!-- Login Tests - Chrome -->
