<?xml version="1.0" encoding="UTF-8"?>
<!-- Generated by org.testng.reporters.JUnitXMLReporter -->
<testsuite ignored="0" hostname="DESKTOP-GKPEIPT" failures="5" tests="5" name="QL Chu De - Chrome" time="12.662" errors="0" timestamp="2026-04-01T11:01:19 GMT+07:00">
  <testcase classname="com.autojava.checkgenai.tests.QLChuDeTest" name="TC_2_VerifyColumnQLChuDe" time="2.078">
    <failure type="org.openqa.selenium.InvalidSelectorException" message="Compound class names not permitted
For documentation on this error, please visit: https://www.selenium.dev/documentation/webdriver/troubleshooting/errors#invalid-selector-exception
Build info: version: &amp;apos;4.15.0&amp;apos;, revision: &amp;apos;1d14b5521b&amp;apos;
System info: os.name: &amp;apos;Windows 10&amp;apos;, os.arch: &amp;apos;amd64&amp;apos;, os.version: &amp;apos;10.0&amp;apos;, java.version: &amp;apos;26&amp;apos;
Driver info: driver.version: unknown">
      <![CDATA[org.openqa.selenium.InvalidSelectorException: Compound class names not permitted
For documentation on this error, please visit: https://www.selenium.dev/documentation/webdriver/troubleshooting/errors#invalid-selector-exception
Build info: version: '4.15.0', revision: '1d14b5521b'
System info: os.name: 'Windows 10', os.arch: 'amd64', os.version: '10.0', java.version: '26'
Driver info: driver.version: unknown
at org.openqa.selenium.By$ByClassName.<init>(By.java:309)
at org.openqa.selenium.By.className(By.java:100)
at org.openqa.selenium.support.AbstractFindByBuilder.buildByFromShortFindBy(AbstractFindByBuilder.java:42)
at org.openqa.selenium.support.FindBy$FindByBuilder.buildIt(FindBy.java:83)
at org.openqa.selenium.support.pagefactory.Annotations.buildBy(Annotations.java:82)
at org.openqa.selenium.support.pagefactory.DefaultElementLocator.<init>(DefaultElementLocator.java:58)
at org.openqa.selenium.support.pagefactory.DefaultElementLocator.<init>(DefaultElementLocator.java:46)
at org.openqa.selenium.support.pagefactory.DefaultElementLocatorFactory.createLocator(DefaultElementLocatorFactory.java:32)
at org.openqa.selenium.support.pagefactory.DefaultFieldDecorator.decorate(DefaultFieldDecorator.java:55)
at org.openqa.selenium.support.PageFactory.proxyFields(PageFactory.java:109)
at org.openqa.selenium.support.PageFactory.initElements(PageFactory.java:101)
at org.openqa.selenium.support.PageFactory.initElements(PageFactory.java:88)
at org.openqa.selenium.support.PageFactory.initElements(PageFactory.java:76)
at com.autojava.checkgenai.pages.UI.UI_QuanLychude.<init>(UI_QuanLychude.java:79)
at com.autojava.checkgenai.pages.Func.Func_QuanLychude.<init>(Func_QuanLychude.java:21)
at com.autojava.checkgenai.tests.QLChuDeTest.TC_2_VerifyColumnQLChuDe(QLChuDeTest.java:44)
at java.base/java.util.concurrent.ThreadPoolExecutor.runWorker(ThreadPoolExecutor.java:1090)
at java.base/java.util.concurrent.ThreadPoolExecutor$Worker.run(ThreadPoolExecutor.java:614)
at java.base/java.lang.Thread.run(Thread.java:1516)
... Removed 10 stack frames]]>
    </failure>
  </testcase> <!-- TC_2_VerifyColumnQLChuDe -->
  <testcase classname="com.autojava.checkgenai.tests.QLChuDeTest" name="TC_3_VerifyAddNewTopicForm" time="2.002">
    <failure type="java.lang.NullPointerException" message="Cannot invoke &amp;quot;com.autojava.checkgenai.pages.Func.Func_QuanLychude.clickAddButton()&amp;quot; because &amp;quot;this.QLChuDeFunc&amp;quot; is null">
      <![CDATA[java.lang.NullPointerException: Cannot invoke "com.autojava.checkgenai.pages.Func.Func_QuanLychude.clickAddButton()" because "this.QLChuDeFunc" is null
at com.autojava.checkgenai.tests.QLChuDeTest.TC_3_VerifyAddNewTopicForm(QLChuDeTest.java:56)
at java.base/java.util.concurrent.ThreadPoolExecutor.runWorker(ThreadPoolExecutor.java:1090)
at java.base/java.util.concurrent.ThreadPoolExecutor$Worker.run(ThreadPoolExecutor.java:614)
at java.base/java.lang.Thread.run(Thread.java:1516)
... Removed 10 stack frames]]>
    </failure>
  </testcase> <!-- TC_3_VerifyAddNewTopicForm -->
  <testcase classname="com.autojava.checkgenai.tests.QLChuDeTest" name="TC_4_VerifyMaChuDeWhenInputValidData" time="2.002">
    <failure type="java.lang.NullPointerException" message="Cannot invoke &amp;quot;com.autojava.checkgenai.pages.Func.Func_QuanLychude.verifyMaChuDewheninputValiddata()&amp;quot; because &amp;quot;this.QLChuDeFunc&amp;quot; is null">
      <![CDATA[java.lang.NullPointerException: Cannot invoke "com.autojava.checkgenai.pages.Func.Func_QuanLychude.verifyMaChuDewheninputValiddata()" because "this.QLChuDeFunc" is null
at com.autojava.checkgenai.tests.QLChuDeTest.TC_4_VerifyMaChuDeWhenInputValidData(QLChuDeTest.java:65)
at java.base/java.util.concurrent.ThreadPoolExecutor.runWorker(ThreadPoolExecutor.java:1090)
at java.base/java.util.concurrent.ThreadPoolExecutor$Worker.run(ThreadPoolExecutor.java:614)
at java.base/java.lang.Thread.run(Thread.java:1516)
... Removed 10 stack frames]]>
    </failure>
  </testcase> <!-- TC_4_VerifyMaChuDeWhenInputValidData -->
  <testcase classname="com.autojava.checkgenai.tests.QLChuDeTest" name="TC_1_verifyQLChuDePageIsDisplayed" time="8.454">
    <failure type="org.openqa.selenium.InvalidSelectorException" message="Compound class names not permitted
For documentation on this error, please visit: https://www.selenium.dev/documentation/webdriver/troubleshooting/errors#invalid-selector-exception
Build info: version: &amp;apos;4.15.0&amp;apos;, revision: &amp;apos;1d14b5521b&amp;apos;
System info: os.name: &amp;apos;Windows 10&amp;apos;, os.arch: &amp;apos;amd64&amp;apos;, os.version: &amp;apos;10.0&amp;apos;, java.version: &amp;apos;26&amp;apos;
Driver info: driver.version: unknown">
      <![CDATA[org.openqa.selenium.InvalidSelectorException: Compound class names not permitted
For documentation on this error, please visit: https://www.selenium.dev/documentation/webdriver/troubleshooting/errors#invalid-selector-exception
Build info: version: '4.15.0', revision: '1d14b5521b'
System info: os.name: 'Windows 10', os.arch: 'amd64', os.version: '10.0', java.version: '26'
Driver info: driver.version: unknown
at org.openqa.selenium.By$ByClassName.<init>(By.java:309)
at org.openqa.selenium.By.className(By.java:100)
at org.openqa.selenium.support.AbstractFindByBuilder.buildByFromShortFindBy(AbstractFindByBuilder.java:42)
at org.openqa.selenium.support.FindBy$FindByBuilder.buildIt(FindBy.java:83)
at org.openqa.selenium.support.pagefactory.Annotations.buildBy(Annotations.java:82)
at org.openqa.selenium.support.pagefactory.DefaultElementLocator.<init>(DefaultElementLocator.java:58)
at org.openqa.selenium.support.pagefactory.DefaultElementLocator.<init>(DefaultElementLocator.java:46)
at org.openqa.selenium.support.pagefactory.DefaultElementLocatorFactory.createLocator(DefaultElementLocatorFactory.java:32)
at org.openqa.selenium.support.pagefactory.DefaultFieldDecorator.decorate(DefaultFieldDecorator.java:55)
at org.openqa.selenium.support.PageFactory.proxyFields(PageFactory.java:109)
at org.openqa.selenium.support.PageFactory.initElements(PageFactory.java:101)
at org.openqa.selenium.support.PageFactory.initElements(PageFactory.java:88)
at org.openqa.selenium.support.PageFactory.initElements(PageFactory.java:76)
at com.autojava.checkgenai.pages.UI.UI_QuanLychude.<init>(UI_QuanLychude.java:79)
at com.autojava.checkgenai.pages.Func.Func_QuanLychude.<init>(Func_QuanLychude.java:21)
at com.autojava.checkgenai.tests.QLChuDeTest.TC_1_verifyQLChuDePageIsDisplayed(QLChuDeTest.java:35)
at java.base/java.util.concurrent.ThreadPoolExecutor.runWorker(ThreadPoolExecutor.java:1090)
at java.base/java.util.concurrent.ThreadPoolExecutor$Worker.run(ThreadPoolExecutor.java:614)
at java.base/java.lang.Thread.run(Thread.java:1516)
... Removed 10 stack frames]]>
    </failure>
  </testcase> <!-- TC_1_verifyQLChuDePageIsDisplayed -->
  <testcase classname="com.autojava.checkgenai.tests.QLChuDeTest" name="TC_5_VerifyMaChuDeWhenInputInvalidData" time="2.002">
    <failure type="java.lang.NullPointerException" message="Cannot invoke &amp;quot;com.autojava.checkgenai.pages.Func.Func_QuanLychude.verifyMaChuDewheninputInvaliddata()&amp;quot; because &amp;quot;this.QLChuDeFunc&amp;quot; is null">
      <![CDATA[java.lang.NullPointerException: Cannot invoke "com.autojava.checkgenai.pages.Func.Func_QuanLychude.verifyMaChuDewheninputInvaliddata()" because "this.QLChuDeFunc" is null
at com.autojava.checkgenai.tests.QLChuDeTest.TC_5_VerifyMaChuDeWhenInputInvalidData(QLChuDeTest.java:72)
at java.base/java.util.concurrent.ThreadPoolExecutor.runWorker(ThreadPoolExecutor.java:1090)
at java.base/java.util.concurrent.ThreadPoolExecutor$Worker.run(ThreadPoolExecutor.java:614)
at java.base/java.lang.Thread.run(Thread.java:1516)
... Removed 10 stack frames]]>
    </failure>
  </testcase> <!-- TC_5_VerifyMaChuDeWhenInputInvalidData -->
</testsuite> <!-- QL Chu De - Chrome -->
