<?xml version="1.0" encoding="UTF-8"?>
<!-- Generated by org.testng.reporters.JUnitXMLReporter -->
<testsuite ignored="0" hostname="DESKTOP-GKPEIPT" failures="1" tests="1" name="QL Chu De - Chrome" time="7.068" errors="0" timestamp="2026-03-30T10:27:41 GMT+07:00">
  <testcase classname="com.autojava.checkgenai.tests.QLChuDeTest" name="TC_2_VerifyColumnQLChuDe" time="2.023">
    <failure type="java.lang.NullPointerException" message="Cannot invoke &amp;quot;com.autojava.checkgenai.pages.Func.Func_QuanLychude.verifyColumnByIndex(int, String)&amp;quot; because &amp;quot;this.QLChuDeFunc&amp;quot; is null">
      <![CDATA[java.lang.NullPointerException: Cannot invoke "com.autojava.checkgenai.pages.Func.Func_QuanLychude.verifyColumnByIndex(int, String)" because "this.QLChuDeFunc" is null
at com.autojava.checkgenai.tests.QLChuDeTest.TC_2_VerifyColumnQLChuDe(QLChuDeTest.java:35)
at java.base/java.util.concurrent.ThreadPoolExecutor.runWorker(ThreadPoolExecutor.java:1090)
at java.base/java.util.concurrent.ThreadPoolExecutor$Worker.run(ThreadPoolExecutor.java:614)
at java.base/java.lang.Thread.run(Thread.java:1516)
... Removed 10 stack frames]]>
    </failure>
  </testcase> <!-- TC_2_VerifyColumnQLChuDe -->
</testsuite> <!-- QL Chu De - Chrome -->
