<?xml version="1.0" encoding="UTF-8"?>
<!-- Generated by org.testng.reporters.JUnitReportReporter -->
<testsuite hostname="DESKTOP-GKPEIPT" failures="1" tests="36" name="com.autojava.checkgenai.tests.QLChuDeTest" time="301.260" errors="0" timestamp="2026-04-09T14:36:39 GMT+07:00" skipped="0">
  <testcase classname="com.autojava.checkgenai.tests.QLChuDeTest" name="TC_1_verifyQLChuDePageIsDisplayed" time="7.428"/>
  <testcase classname="com.autojava.checkgenai.tests.QLChuDeTest" name="TC_2_VerifyColumnQLChuDe" time="2.412"/>
  <testcase classname="com.autojava.checkgenai.tests.QLChuDeTest" name="TC_3_VerifyAddNewTopicForm" time="4.354"/>
  <testcase classname="com.autojava.checkgenai.tests.QLChuDeTest" name="TC_4_VerifyMaChuDeWhenInputValidData" time="2.139"/>
  <testcase classname="com.autojava.checkgenai.tests.QLChuDeTest" name="TC_5_VerifyMaChuDeWhenInputInvalidData" time="3.259"/>
  <testcase classname="com.autojava.checkgenai.tests.QLChuDeTest" name="TC_6_VerifyEmptyMaChuDe" time="3.161"/>
  <testcase classname="com.autojava.checkgenai.tests.QLChuDeTest" name="TC_7_VerifyValidTenChuDe" time="2.133"/>
  <testcase classname="com.autojava.checkgenai.tests.QLChuDeTest" name="TC_8_VerifyInvalidTenChuDe" time="3.459"/>
  <testcase classname="com.autojava.checkgenai.tests.QLChuDeTest" name="TC_9_VerifyInvalidTenChuDe" time="3.151"/>
  <testcase classname="com.autojava.checkgenai.tests.QLChuDeTest" name="TC10_GetFirstTruCot" time="4.206"/>
  <testcase classname="com.autojava.checkgenai.tests.QLChuDeTest" name="TC_11_VerifyEmptyTruCot" time="4.245"/>
  <testcase classname="com.autojava.checkgenai.tests.QLChuDeTest" name="TC_12_VerifyMaChuDeTrung" time="12.574"/>
  <testcase classname="com.autojava.checkgenai.tests.QLChuDeTest" name="TC_13_VerifyClickIconHuy" time="4.841"/>
  <testcase classname="com.autojava.checkgenai.tests.QLChuDeTest" name="TC_14_VerifyHuyPopupConfirm" time="12.683"/>
  <testcase classname="com.autojava.checkgenai.tests.QLChuDeTest" name="TC_15_VerifyXacNhanPopupConfirm" time="35.477"/>
  <testcase classname="com.autojava.checkgenai.tests.QLChuDeTest" name="TC_16_VerifyAddNewTopicSuccess" time="20.189"/>
  <testcase classname="com.autojava.checkgenai.tests.QLChuDeTest" name="TC_17_VerifyWhenClickEdit" time="2.464"/>
  <testcase classname="com.autojava.checkgenai.tests.QLChuDeTest" name="TC_18_VerifyHuyPopupConfirmWhenEdit" time="6.003"/>
  <testcase classname="com.autojava.checkgenai.tests.QLChuDeTest" name="TC_19_VerifyHuyPopupConfirmWhenEdit" time="12.644"/>
  <testcase classname="com.autojava.checkgenai.tests.QLChuDeTest" name="TC_20_VerifyXacNhanPopupConfirmWhenEdit" time="34.886"/>
  <testcase classname="com.autojava.checkgenai.tests.QLChuDeTest" name="TC_21_VerifyUpdateChuDeSuccess" time="17.247"/>
  <testcase classname="com.autojava.checkgenai.tests.QLChuDeTest" name="TC_22_VerifyToggleTrangThai" time="5.347"/>
  <testcase classname="com.autojava.checkgenai.tests.QLChuDeTest" name="TC_23_VerifyHuyPopupConfirmWhenToggleTrangThai" time="12.721"/>
  <testcase classname="com.autojava.checkgenai.tests.QLChuDeTest" name="TC_24_VerifyXacNhanPopupConfirmWhenToggleTrangThai" time="5.240"/>
  <testcase classname="com.autojava.checkgenai.tests.QLChuDeTest" name="TC_25_VerifyToggleTrangThaiOFFtoON" time="3.293"/>
  <testcase classname="com.autojava.checkgenai.tests.QLChuDeTest" name="TC_26_VerifyHuyPopupConfirmWhenToggleTrangThaiOFFtoON" time="2.131"/>
  <testcase classname="com.autojava.checkgenai.tests.QLChuDeTest" name="TC_27_VerifyXacNhanPopupConfirmWhenToggleTrangThaiOFFtoON" time="5.220"/>
  <testcase classname="com.autojava.checkgenai.tests.QLChuDeTest" name="TC_28_VerifyUpdateRecordWhenTrangThaiOFF" time="9.518"/>
  <testcase classname="com.autojava.checkgenai.tests.QLChuDeTest" name="TC_29_VerifyUpdateRecordWhenTrangThaiON" time="11.482"/>
  <testcase classname="com.autojava.checkgenai.tests.QLChuDeTest" name="TC_30_VerifyToggleTrangThaiOFFInTopicList" time="5.417"/>
  <testcase classname="com.autojava.checkgenai.tests.QLChuDeTest" name="TC_31_VerifyToggleTrangThaiONInTopicList" time="7.309"/>
  <testcase classname="com.autojava.checkgenai.tests.QLChuDeTest" name="TC_32_VerifySearchChuDeByMa" time="3.361"/>
  <testcase classname="com.autojava.checkgenai.tests.QLChuDeTest" name="TC_33_VerifySearchChuDeByTen" time="3.715"/>
  <testcase classname="com.autojava.checkgenai.tests.QLChuDeTest" name="TC_34_VerifySearchChuDeNoResult" time="3.491"/>
  <testcase classname="com.autojava.checkgenai.tests.QLChuDeTest" name="TC_35_VerifyWhenClickExportButton" time="8.349"/>
  <testcase classname="com.autojava.checkgenai.tests.QLChuDeTest" name="TC_36_VerifyWhenClickNoInExportPopup" time="15.711">
    <failure message="Confirm popup should be closed after clicking &#039;No&#039; expected [false] but found [true]" type="java.lang.AssertionError">
      <![CDATA[java.lang.AssertionError: Confirm popup should be closed after clicking 'No' expected [false] but found [true]
at org.testng.Assert.fail(Assert.java:111)
at org.testng.Assert.failNotEquals(Assert.java:1578)
at org.testng.Assert.assertFalse(Assert.java:79)
at com.autojava.checkgenai.tests.QLChuDeTest.TC_36_VerifyWhenClickNoInExportPopup(QLChuDeTest.java:587)
at java.base/jdk.internal.reflect.DirectMethodHandleAccessor.invoke(DirectMethodHandleAccessor.java:104)
at java.base/java.lang.reflect.Method.invoke(Method.java:565)
at org.testng.internal.invokers.MethodInvocationHelper.invokeMethod(MethodInvocationHelper.java:139)
at org.testng.internal.invokers.TestInvoker.invokeMethod(TestInvoker.java:664)
at org.testng.internal.invokers.TestInvoker.invokeTestMethod(TestInvoker.java:227)
at org.testng.internal.invokers.MethodRunner.runInSequence(MethodRunner.java:50)
at org.testng.internal.invokers.TestInvoker$MethodInvocationAgent.invoke(TestInvoker.java:957)
at org.testng.internal.invokers.TestInvoker.invokeTestMethods(TestInvoker.java:200)
at org.testng.internal.invokers.TestMethodWorker.invokeTestMethods(TestMethodWorker.java:148)
at org.testng.internal.invokers.TestMethodWorker.run(TestMethodWorker.java:128)
at java.base/java.util.ArrayList.forEach(ArrayList.java:1612)
at org.testng.TestRunner.privateRun(TestRunner.java:848)
at org.testng.TestRunner.run(TestRunner.java:621)
at org.testng.SuiteRunner.runTest(SuiteRunner.java:443)
at org.testng.SuiteRunner.runSequentially(SuiteRunner.java:437)
at org.testng.SuiteRunner.privateRun(SuiteRunner.java:397)
at org.testng.SuiteRunner.run(SuiteRunner.java:336)
at org.testng.SuiteRunnerWorker.runSuite(SuiteRunnerWorker.java:52)
at org.testng.SuiteRunnerWorker.run(SuiteRunnerWorker.java:95)
at org.testng.TestNG.runSuitesSequentially(TestNG.java:1280)
at org.testng.TestNG.runSuitesLocally(TestNG.java:1200)
at org.testng.TestNG.runSuites(TestNG.java:1114)
at org.testng.TestNG.run(TestNG.java:1082)
at org.apache.maven.surefire.testng.TestNGExecutor.run(TestNGExecutor.java:155)
at org.apache.maven.surefire.testng.TestNGDirectoryTestSuite.executeSingleClass(TestNGDirectoryTestSuite.java:102)
at org.apache.maven.surefire.testng.TestNGDirectoryTestSuite.execute(TestNGDirectoryTestSuite.java:91)
at org.apache.maven.surefire.testng.TestNGProvider.invoke(TestNGProvider.java:137)
at org.apache.maven.surefire.booter.ForkedBooter.runSuitesInProcess(ForkedBooter.java:385)
at org.apache.maven.surefire.booter.ForkedBooter.execute(ForkedBooter.java:162)
at org.apache.maven.surefire.booter.ForkedBooter.run(ForkedBooter.java:507)
at org.apache.maven.surefire.booter.ForkedBooter.main(ForkedBooter.java:495)
]]>
    </failure>
  </testcase> <!-- TC_36_VerifyWhenClickNoInExportPopup -->
</testsuite> <!-- com.autojava.checkgenai.tests.QLChuDeTest -->
