<?xml version="1.0" encoding="UTF-8"?>
<!-- Generated by org.testng.reporters.JUnitReportReporter -->
<testsuite hostname="DESKTOP-GKPEIPT" failures="0" tests="5" name="com.autojava.checkgenai.tests.QLNhomChiTieuTest" time="18.538" errors="0" timestamp="2026-04-09T15:21:22 GMT+07:00" skipped="0">
  <testcase classname="com.autojava.checkgenai.tests.QLNhomChiTieuTest" name="TC_1_VerifyQuanLyNhomChiTieuPageDisplayed" time="7.316"/>
  <testcase classname="com.autojava.checkgenai.tests.QLNhomChiTieuTest" name="TC_2_VerifyColumnQLNhomChiTieu" time="2.557"/>
  <testcase classname="com.autojava.checkgenai.tests.QLNhomChiTieuTest" name="TC_3_VerifyAddNewNhomChiTieuForm" time="4.412"/>
  <testcase classname="com.autojava.checkgenai.tests.QLNhomChiTieuTest" name="TC_4_VerifyValidateDisabledTruCot" time="2.055"/>
  <testcase classname="com.autojava.checkgenai.tests.QLNhomChiTieuTest" name="TC_5_VerifyMaNhomChiTieuWhenInputValidData" time="2.198"/>
</testsuite> <!-- com.autojava.checkgenai.tests.QLNhomChiTieuTest -->
