<?xml version="1.0" encoding="UTF-8"?>
<!-- Generated by org.testng.reporters.JUnitReportReporter -->
<testsuite hostname="DESKTOP-GKPEIPT" failures="1" tests="15" name="com.autojava.checkgenai.tests.QLChuDeTest" time="103.113" errors="0" timestamp="2026-04-02T16:24:26 GMT+07:00" skipped="0">
  <testcase classname="com.autojava.checkgenai.tests.QLChuDeTest" name="TC_1_verifyQLChuDePageIsDisplayed" time="7.298"/>
  <testcase classname="com.autojava.checkgenai.tests.QLChuDeTest" name="TC_2_VerifyColumnQLChuDe" time="2.374"/>
  <testcase classname="com.autojava.checkgenai.tests.QLChuDeTest" name="TC_3_VerifyAddNewTopicForm" time="4.322"/>
  <testcase classname="com.autojava.checkgenai.tests.QLChuDeTest" name="TC_4_VerifyMaChuDeWhenInputValidData" time="2.137"/>
  <testcase classname="com.autojava.checkgenai.tests.QLChuDeTest" name="TC_5_VerifyMaChuDeWhenInputInvalidData" time="3.292"/>
  <testcase classname="com.autojava.checkgenai.tests.QLChuDeTest" name="TC_6_VerifyEmptyMaChuDe" time="3.145"/>
  <testcase classname="com.autojava.checkgenai.tests.QLChuDeTest" name="TC_7_VerifyValidTenChuDe" time="2.152"/>
  <testcase classname="com.autojava.checkgenai.tests.QLChuDeTest" name="TC_8_VerifyInvalidTenChuDe" time="3.296"/>
  <testcase classname="com.autojava.checkgenai.tests.QLChuDeTest" name="TC_9_VerifyInvalidTenChuDe" time="3.377"/>
  <testcase classname="com.autojava.checkgenai.tests.QLChuDeTest" name="TC10_GetFirstTruCot" time="4.367"/>
  <testcase classname="com.autojava.checkgenai.tests.QLChuDeTest" name="TC_11_VerifyEmptyTruCot" time="4.199"/>
  <testcase classname="com.autojava.checkgenai.tests.QLChuDeTest" name="TC_12_VerifyMaChuDeTrung" time="12.413"/>
  <testcase classname="com.autojava.checkgenai.tests.QLChuDeTest" name="TC_13_VerifyClickIconHuy" time="2.692">
    <failure message="Content of confirm popup should be correct expected [Bạn có xác nhận hủy thêm mới?] but found [Sau khi xác nhận, dữ liệu đã nhập sẽ không được lưu]" type="java.lang.AssertionError">
      <![CDATA[java.lang.AssertionError: Content of confirm popup should be correct expected [Bạn có xác nhận hủy thêm mới?] but found [Sau khi xác nhận, dữ liệu đã nhập sẽ không được lưu]
at org.testng.Assert.fail(Assert.java:111)
at org.testng.Assert.failNotEquals(Assert.java:1578)
at org.testng.Assert.assertEqualsImpl(Assert.java:150)
at org.testng.Assert.assertEquals(Assert.java:132)
at org.testng.Assert.assertEquals(Assert.java:656)
at com.autojava.checkgenai.tests.QLChuDeTest.TC_13_VerifyClickIconHuy(QLChuDeTest.java:178)
at java.base/jdk.internal.reflect.DirectMethodHandleAccessor.invoke(DirectMethodHandleAccessor.java:104)
at java.base/java.lang.reflect.Method.invoke(Method.java:565)
at org.testng.internal.invokers.MethodInvocationHelper.invokeMethod(MethodInvocationHelper.java:139)
at org.testng.internal.invokers.TestInvoker.invokeMethod(TestInvoker.java:664)
at org.testng.internal.invokers.TestInvoker.invokeTestMethod(TestInvoker.java:227)
at org.testng.internal.invokers.MethodRunner.runInSequence(MethodRunner.java:50)
at org.testng.internal.invokers.TestInvoker$MethodInvocationAgent.invoke(TestInvoker.java:957)
at org.testng.internal.invokers.TestInvoker.invokeTestMethods(TestInvoker.java:200)
at org.testng.internal.invokers.TestMethodWorker.invokeTestMethods(TestMethodWorker.java:148)
at org.testng.internal.invokers.TestMethodWorker.run(TestMethodWorker.java:128)
at java.base/java.util.ArrayList.forEach(ArrayList.java:1612)
at org.testng.TestRunner.privateRun(TestRunner.java:848)
at org.testng.TestRunner.run(TestRunner.java:621)
at org.testng.SuiteRunner.runTest(SuiteRunner.java:443)
at org.testng.SuiteRunner.runSequentially(SuiteRunner.java:437)
at org.testng.SuiteRunner.privateRun(SuiteRunner.java:397)
at org.testng.SuiteRunner.run(SuiteRunner.java:336)
at org.testng.SuiteRunnerWorker.runSuite(SuiteRunnerWorker.java:52)
at org.testng.SuiteRunnerWorker.run(SuiteRunnerWorker.java:95)
at org.testng.TestNG.runSuitesSequentially(TestNG.java:1280)
at org.testng.TestNG.runSuitesLocally(TestNG.java:1200)
at org.testng.TestNG.runSuites(TestNG.java:1114)
at org.testng.TestNG.run(TestNG.java:1082)
at org.apache.maven.surefire.testng.TestNGExecutor.run(TestNGExecutor.java:155)
at org.apache.maven.surefire.testng.TestNGDirectoryTestSuite.executeSingleClass(TestNGDirectoryTestSuite.java:102)
at org.apache.maven.surefire.testng.TestNGDirectoryTestSuite.execute(TestNGDirectoryTestSuite.java:91)
at org.apache.maven.surefire.testng.TestNGProvider.invoke(TestNGProvider.java:137)
at org.apache.maven.surefire.booter.ForkedBooter.runSuitesInProcess(ForkedBooter.java:385)
at org.apache.maven.surefire.booter.ForkedBooter.execute(ForkedBooter.java:162)
at org.apache.maven.surefire.booter.ForkedBooter.run(ForkedBooter.java:507)
at org.apache.maven.surefire.booter.ForkedBooter.main(ForkedBooter.java:495)
]]>
    </failure>
  </testcase> <!-- TC_13_VerifyClickIconHuy -->
  <testcase classname="com.autojava.checkgenai.tests.QLChuDeTest" name="TC_14_VerifyHuyPopupConfirm" time="12.639"/>
  <testcase classname="com.autojava.checkgenai.tests.QLChuDeTest" name="TC_15_VerifyXacNhanPopupConfirm" time="35.410"/>
</testsuite> <!-- com.autojava.checkgenai.tests.QLChuDeTest -->
