<?xml version="1.0" encoding="UTF-8"?>
<!-- Generated by org.testng.reporters.JUnitReportReporter -->
<testsuite hostname="DESKTOP-GKPEIPT" failures="0" tests="13" name="com.autojava.checkgenai.tests.QLNhomChiTieuTest" time="51.188" errors="0" timestamp="2026-04-10T15:19:44 GMT+07:00" skipped="0">
  <testcase classname="com.autojava.checkgenai.tests.QLNhomChiTieuTest" name="TC_1_VerifyQuanLyNhomChiTieuPageDisplayed" time="6.989"/>
  <testcase classname="com.autojava.checkgenai.tests.QLNhomChiTieuTest" name="TC_2_VerifyColumnQLNhomChiTieu" time="2.657"/>
  <testcase classname="com.autojava.checkgenai.tests.QLNhomChiTieuTest" name="TC_3_VerifyAddNewNhomChiTieuForm" time="4.497"/>
  <testcase classname="com.autojava.checkgenai.tests.QLNhomChiTieuTest" name="TC_4_VerifyValidateDisabledTruCot" time="2.035"/>
  <testcase classname="com.autojava.checkgenai.tests.QLNhomChiTieuTest" name="TC_5_VerifyMaNhomChiTieuWhenInputValidData" time="2.168"/>
  <testcase classname="com.autojava.checkgenai.tests.QLNhomChiTieuTest" name="TC_6_VerifyMaNhomChiTieuWhenInputInvalidData" time="3.293"/>
  <testcase classname="com.autojava.checkgenai.tests.QLNhomChiTieuTest" name="TC_7_VerifyEmptyMaNhomChiTieu" time="3.133"/>
  <testcase classname="com.autojava.checkgenai.tests.QLNhomChiTieuTest" name="TC_8_VerifyTenNhomChiTieuWhenInputValidData" time="2.203"/>
  <testcase classname="com.autojava.checkgenai.tests.QLNhomChiTieuTest" name="TC_9_VerifyTenNhomChiTieuWhenInputInvalidData" time="3.517"/>
  <testcase classname="com.autojava.checkgenai.tests.QLNhomChiTieuTest" name="TC_10_VerifyEmptyTenNhomChiTieu" time="3.131"/>
  <testcase classname="com.autojava.checkgenai.tests.QLNhomChiTieuTest" name="TC_11_VerifyChuDeWhenInputInvalidData" time="2.738"/>
  <testcase classname="com.autojava.checkgenai.tests.QLNhomChiTieuTest" name="TC_12_VerifyChuDeTruCotWhenInputValid" time="10.503"/>
  <testcase classname="com.autojava.checkgenai.tests.QLNhomChiTieuTest" name="TC_13_VerifyEmptyChuDe" time="4.324"/>
</testsuite> <!-- com.autojava.checkgenai.tests.QLNhomChiTieuTest -->
